{
  "RSpec": {
    "coverage": {
      "/Users/mjsaon/develop/bysj/bestclass/app/models/user.rb": [
        null,
        null,
        1,
        1,
        1,
        null,
        null,
        null,
        null,
        1,
        null,
        null,
        null,
        1,
        1,
        null,
        null,
        1,
        1,
        null,
        1,
        null,
        null,
        1,
        1,
        null,
        null,
        1,
        null,
        null,
        1,
        1,
        1,
        1,
        1,
        null,
        null,
        null,
        null,
        null,
        null,
        null,
        null,
        null,
        null,
        null,
        null,
        null,
        null,
        null,
        1,
        1,
        1,
        null
      ],
      "/Users/mjsaon/develop/bysj/bestclass/app/uploaders/avatar_uploader.rb": [
        null,
        null,
        1,
        null,
        null,
        null,
        null,
        null,
        null,
        null,
        null,
        null,
        null,
        1,
        null,
        null,
        null,
        null,
        1,
        0,
        null,
        null,
        null,
        null,
        null,
        null,
        null,
        null,
        null,
        null,
        null,
        null,
        null,
        null,
        null,
        null,
        null,
        null,
        null,
        null,
        null,
        null,
        null,
        null,
        null,
        null,
        null,
        null,
        null,
        null,
        null,
        null,
        null,
        null,
        null
      ],
      "/Users/mjsaon/develop/bysj/bestclass/app/controllers/application_controller.rb": [
        1,
        1,
        1,
        null
      ],
      "/Users/mjsaon/develop/bysj/bestclass/app/helpers/application_helper.rb": [
        1,
        null
      ],
      "/Users/mjsaon/develop/bysj/bestclass/app/helpers/courses_helper.rb": [
        1,
        null
      ],
      "/Users/mjsaon/develop/bysj/bestclass/app/helpers/handouts_helper.rb": [
        1,
        null
      ],
      "/Users/mjsaon/develop/bysj/bestclass/app/helpers/tasks_helper.rb": [
        1,
        null
      ],
      "/Users/mjsaon/develop/bysj/bestclass/app/helpers/teacher/courses_helper.rb": [
        1,
        null
      ],
      "/Users/mjsaon/develop/bysj/bestclass/app/helpers/teacher/works_helper.rb": [
        1,
        null
      ],
      "/Users/mjsaon/develop/bysj/bestclass/app/helpers/users_helper.rb": [
        1,
        null
      ],
      "/Users/mjsaon/develop/bysj/bestclass/app/helpers/works_helper.rb": [
        1,
        null
      ],
      "/Users/mjsaon/develop/bysj/bestclass/app/controllers/courses_controller.rb": [
        1,
        null,
        1,
        1,
        null,
        null
      ],
      "/Users/mjsaon/develop/bysj/bestclass/app/models/course.rb": [
        1,
        1,
        1,
        null,
        1,
        null,
        1,
        1,
        null,
        1,
        1,
        null,
        null
      ],
      "/Users/mjsaon/develop/bysj/bestclass/app/controllers/handouts_controller.rb": [
        1,
        1,
        1,
        null
      ],
      "/Users/mjsaon/develop/bysj/bestclass/app/models/handout.rb": [
        1,
        1,
        1,
        null,
        1,
        null,
        1,
        null,
        1,
        null,
        null
      ],
      "/Users/mjsaon/develop/bysj/bestclass/app/uploaders/handout_uploader.rb": [
        null,
        null,
        1,
        null,
        null,
        null,
        null,
        null,
        null,
        null,
        null,
        null,
        null,
        1,
        null,
        null,
        null,
        null,
        1,
        0,
        null,
        null,
        null,
        null,
        null,
        null,
        null,
        null,
        null,
        null,
        null,
        null,
        null,
        null,
        null,
        null,
        null,
        null,
        null,
        null,
        null,
        null,
        null,
        null,
        null,
        null,
        null,
        null,
        null,
        null,
        null,
        null,
        null,
        null,
        null
      ],
      "/Users/mjsaon/develop/bysj/bestclass/app/controllers/tasks_controller.rb": [
        1,
        1,
        1,
        0,
        0,
        0,
        0,
        null,
        null,
        null
      ],
      "/Users/mjsaon/develop/bysj/bestclass/app/models/task.rb": [
        1,
        1,
        1,
        null,
        1,
        null,
        1,
        1,
        null,
        null
      ],
      "/Users/mjsaon/develop/bysj/bestclass/app/uploaders/task_uploader.rb": [
        null,
        null,
        1,
        null,
        null,
        null,
        null,
        null,
        null,
        null,
        null,
        null,
        null,
        1,
        null,
        null,
        null,
        null,
        1,
        0,
        null,
        null,
        null,
        null,
        null,
        null,
        null,
        null,
        null,
        null,
        null,
        null,
        null,
        null,
        null,
        null,
        null,
        null,
        null,
        null,
        null,
        null,
        null,
        null,
        null,
        null,
        null,
        null,
        null,
        null,
        null,
        null,
        null,
        null,
        null
      ],
      "/Users/mjsaon/develop/bysj/bestclass/app/controllers/teacher/courses_controller.rb": [
        1,
        1,
        0,
        null,
        null,
        1,
        0,
        null,
        null
      ],
      "/Users/mjsaon/develop/bysj/bestclass/app/controllers/teacher_controller.rb": [
        1,
        1,
        null
      ],
      "/Users/mjsaon/develop/bysj/bestclass/app/controllers/teacher/works_controller.rb": [
        1,
        null,
        1,
        0,
        null,
        null,
        1,
        0,
        0,
        null,
        null,
        null,
        null,
        null
      ],
      "/Users/mjsaon/develop/bysj/bestclass/app/models/work.rb": [
        1,
        1,
        1,
        null,
        1,
        null,
        1,
        null,
        1,
        1,
        null,
        1,
        1,
        1,
        null,
        null,
        1,
        1,
        2,
        1,
        null,
        null,
        null
      ],
      "/Users/mjsaon/develop/bysj/bestclass/app/uploaders/work_uploader.rb": [
        null,
        null,
        1,
        null,
        null,
        null,
        null,
        null,
        null,
        null,
        null,
        null,
        null,
        1,
        null,
        null,
        null,
        null,
        1,
        0,
        null,
        null,
        null,
        null,
        null,
        null,
        null,
        null,
        null,
        null,
        null,
        null,
        null,
        null,
        null,
        null,
        null,
        null,
        null,
        null,
        null,
        null,
        null,
        null,
        null,
        null,
        null,
        null,
        null,
        null,
        null,
        null,
        null,
        null,
        null
      ],
      "/Users/mjsaon/develop/bysj/bestclass/app/controllers/users_controller.rb": [
        1,
        null,
        1,
        null,
        null,
        null,
        null
      ],
      "/Users/mjsaon/develop/bysj/bestclass/app/controllers/works_controller.rb": [
        1,
        null,
        1,
        0,
        null,
        null,
        1,
        null,
        1,
        0,
        0,
        0,
        0,
        0,
        0,
        null,
        0,
        null,
        null,
        0,
        0,
        0,
        0,
        0,
        null,
        0,
        null,
        null,
        null,
        0,
        null,
        null,
        null,
        null,
        null
      ],
      "/Users/mjsaon/develop/bysj/bestclass/app/models/ability.rb": [
        1,
        1,
        null,
        1,
        null,
        null,
        null,
        null,
        null,
        null,
        null,
        null,
        null,
        null,
        null,
        null,
        null,
        null,
        null,
        null,
        null,
        null,
        null,
        null,
        null,
        null,
        null,
        null,
        null,
        null,
        null,
        null
      ]
    },
    "timestamp": 1363932798
  }
}
